<?xml version="1.0" encoding="UTF-8"?>
<testsuite xmlns:xsi="http://www.w3.org/2001/XMLSchema-instance" xsi:noNamespaceSchemaLocation="https://maven.apache.org/surefire/maven-surefire-plugin/xsd/surefire-test-report-3.0.xsd" version="3.0" name="TestSuite" time="90.792" tests="13" errors="0" skipped="0" failures="0">
  <properties>
    <property name="java.specification.version" value="20"/>
    <property name="sun.jnu.encoding" value="UTF-8"/>
    <property name="java.class.path" value="/Users/randallbrukman/Desktop/DemoProject/target/test-classes:/Users/randallbrukman/Desktop/DemoProject/target/classes:/Users/randallbrukman/.m2/repository/org/testng/testng/7.8.0/testng-7.8.0.jar:/Users/randallbrukman/.m2/repository/org/slf4j/slf4j-api/1.7.36/slf4j-api-1.7.36.jar:/Users/randallbrukman/.m2/repository/com/beust/jcommander/1.82/jcommander-1.82.jar:/Users/randallbrukman/.m2/repository/org/webjars/jquery/3.6.1/jquery-3.6.1.jar:/Users/randallbrukman/.m2/repository/com/codeborne/selenide/6.18.0/selenide-6.18.0.jar:/Users/randallbrukman/.m2/repository/org/seleniumhq/selenium/selenium-java/4.12.1/selenium-java-4.12.1.jar:/Users/randallbrukman/.m2/repository/org/seleniumhq/selenium/selenium-api/4.12.1/selenium-api-4.12.1.jar:/Users/randallbrukman/.m2/repository/org/seleniumhq/selenium/selenium-chrome-driver/4.12.1/selenium-chrome-driver-4.12.1.jar:/Users/randallbrukman/.m2/repository/com/google/auto/service/auto-service-annotations/1.1.1/auto-service-annotations-1.1.1.jar:/Users/randallbrukman/.m2/repository/org/seleniumhq/selenium/selenium-chromium-driver/4.12.1/selenium-chromium-driver-4.12.1.jar:/Users/randallbrukman/.m2/repository/org/seleniumhq/selenium/selenium-json/4.12.1/selenium-json-4.12.1.jar:/Users/randallbrukman/.m2/repository/org/seleniumhq/selenium/selenium-manager/4.12.1/selenium-manager-4.12.1.jar:/Users/randallbrukman/.m2/repository/org/seleniumhq/selenium/selenium-devtools-v114/4.12.1/selenium-devtools-v114-4.12.1.jar:/Users/randallbrukman/.m2/repository/org/seleniumhq/selenium/selenium-devtools-v115/4.12.1/selenium-devtools-v115-4.12.1.jar:/Users/randallbrukman/.m2/repository/org/seleniumhq/selenium/selenium-devtools-v116/4.12.1/selenium-devtools-v116-4.12.1.jar:/Users/randallbrukman/.m2/repository/org/seleniumhq/selenium/selenium-devtools-v85/4.12.1/selenium-devtools-v85-4.12.1.jar:/Users/randallbrukman/.m2/repository/org/seleniumhq/selenium/selenium-edge-driver/4.12.1/selenium-edge-driver-4.12.1.jar:/Users/randallbrukman/.m2/repository/org/seleniumhq/selenium/selenium-firefox-driver/4.12.1/selenium-firefox-driver-4.12.1.jar:/Users/randallbrukman/.m2/repository/org/seleniumhq/selenium/selenium-http/4.12.1/selenium-http-4.12.1.jar:/Users/randallbrukman/.m2/repository/dev/failsafe/failsafe/3.3.2/failsafe-3.3.2.jar:/Users/randallbrukman/.m2/repository/org/seleniumhq/selenium/selenium-ie-driver/4.12.1/selenium-ie-driver-4.12.1.jar:/Users/randallbrukman/.m2/repository/org/seleniumhq/selenium/selenium-remote-driver/4.12.1/selenium-remote-driver-4.12.1.jar:/Users/randallbrukman/.m2/repository/io/netty/netty-buffer/4.1.96.Final/netty-buffer-4.1.96.Final.jar:/Users/randallbrukman/.m2/repository/io/netty/netty-codec-http/4.1.96.Final/netty-codec-http-4.1.96.Final.jar:/Users/randallbrukman/.m2/repository/io/netty/netty-codec/4.1.96.Final/netty-codec-4.1.96.Final.jar:/Users/randallbrukman/.m2/repository/io/netty/netty-handler/4.1.96.Final/netty-handler-4.1.96.Final.jar:/Users/randallbrukman/.m2/repository/io/netty/netty-common/4.1.96.Final/netty-common-4.1.96.Final.jar:/Users/randallbrukman/.m2/repository/io/netty/netty-transport-classes-epoll/4.1.96.Final/netty-transport-classes-epoll-4.1.96.Final.jar:/Users/randallbrukman/.m2/repository/io/netty/netty-transport-classes-kqueue/4.1.96.Final/netty-transport-classes-kqueue-4.1.96.Final.jar:/Users/randallbrukman/.m2/repository/io/netty/netty-transport-native-epoll/4.1.96.Final/netty-transport-native-epoll-4.1.96.Final.jar:/Users/randallbrukman/.m2/repository/io/netty/netty-transport-native-kqueue/4.1.96.Final/netty-transport-native-kqueue-4.1.96.Final.jar:/Users/randallbrukman/.m2/repository/io/netty/netty-transport-native-unix-common/4.1.96.Final/netty-transport-native-unix-common-4.1.96.Final.jar:/Users/randallbrukman/.m2/repository/io/netty/netty-transport/4.1.96.Final/netty-transport-4.1.96.Final.jar:/Users/randallbrukman/.m2/repository/io/netty/netty-resolver/4.1.96.Final/netty-resolver-4.1.96.Final.jar:/Users/randallbrukman/.m2/repository/io/opentelemetry/opentelemetry-api/1.28.0/opentelemetry-api-1.28.0.jar:/Users/randallbrukman/.m2/repository/io/opentelemetry/opentelemetry-context/1.28.0/opentelemetry-context-1.28.0.jar:/Users/randallbrukman/.m2/repository/io/opentelemetry/opentelemetry-exporter-logging/1.28.0/opentelemetry-exporter-logging-1.28.0.jar:/Users/randallbrukman/.m2/repository/io/opentelemetry/opentelemetry-sdk-metrics/1.28.0/opentelemetry-sdk-metrics-1.28.0.jar:/Users/randallbrukman/.m2/repository/io/opentelemetry/opentelemetry-extension-incubator/1.28.0-alpha/opentelemetry-extension-incubator-1.28.0-alpha.jar:/Users/randallbrukman/.m2/repository/io/opentelemetry/opentelemetry-sdk-logs/1.28.0/opentelemetry-sdk-logs-1.28.0.jar:/Users/randallbrukman/.m2/repository/io/opentelemetry/opentelemetry-sdk-common/1.28.0/opentelemetry-sdk-common-1.28.0.jar:/Users/randallbrukman/.m2/repository/io/opentelemetry/opentelemetry-sdk-extension-autoconfigure-spi/1.28.0/opentelemetry-sdk-extension-autoconfigure-spi-1.28.0.jar:/Users/randallbrukman/.m2/repository/io/opentelemetry/opentelemetry-sdk-extension-autoconfigure/1.28.0/opentelemetry-sdk-extension-autoconfigure-1.28.0.jar:/Users/randallbrukman/.m2/repository/io/opentelemetry/opentelemetry-api-events/1.28.0-alpha/opentelemetry-api-events-1.28.0-alpha.jar:/Users/randallbrukman/.m2/repository/io/opentelemetry/opentelemetry-sdk-trace/1.28.0/opentelemetry-sdk-trace-1.28.0.jar:/Users/randallbrukman/.m2/repository/io/opentelemetry/opentelemetry-sdk/1.28.0/opentelemetry-sdk-1.28.0.jar:/Users/randallbrukman/.m2/repository/io/opentelemetry/opentelemetry-semconv/1.28.0-alpha/opentelemetry-semconv-1.28.0-alpha.jar:/Users/randallbrukman/.m2/repository/net/bytebuddy/byte-buddy/1.14.5/byte-buddy-1.14.5.jar:/Users/randallbrukman/.m2/repository/org/asynchttpclient/async-http-client/2.12.3/async-http-client-2.12.3.jar:/Users/randallbrukman/.m2/repository/org/asynchttpclient/async-http-client-netty-utils/2.12.3/async-http-client-netty-utils-2.12.3.jar:/Users/randallbrukman/.m2/repository/io/netty/netty-codec-socks/4.1.60.Final/netty-codec-socks-4.1.60.Final.jar:/Users/randallbrukman/.m2/repository/io/netty/netty-handler-proxy/4.1.60.Final/netty-handler-proxy-4.1.60.Final.jar:/Users/randallbrukman/.m2/repository/io/netty/netty-transport-native-epoll/4.1.60.Final/netty-transport-native-epoll-4.1.60.Final-linux-x86_64.jar:/Users/randallbrukman/.m2/repository/io/netty/netty-transport-native-kqueue/4.1.60.Final/netty-transport-native-kqueue-4.1.60.Final-osx-x86_64.jar:/Users/randallbrukman/.m2/repository/org/reactivestreams/reactive-streams/1.0.3/reactive-streams-1.0.3.jar:/Users/randallbrukman/.m2/repository/com/typesafe/netty/netty-reactive-streams/2.0.4/netty-reactive-streams-2.0.4.jar:/Users/randallbrukman/.m2/repository/com/sun/activation/jakarta.activation/1.2.2/jakarta.activation-1.2.2.jar:/Users/randallbrukman/.m2/repository/org/seleniumhq/selenium/selenium-os/4.12.1/selenium-os-4.12.1.jar:/Users/randallbrukman/.m2/repository/org/apache/commons/commons-exec/1.3/commons-exec-1.3.jar:/Users/randallbrukman/.m2/repository/org/seleniumhq/selenium/selenium-safari-driver/4.12.1/selenium-safari-driver-4.12.1.jar:/Users/randallbrukman/.m2/repository/org/seleniumhq/selenium/selenium-support/4.12.1/selenium-support-4.12.1.jar:/Users/randallbrukman/.m2/repository/com/codeborne/selenide-core/6.18.0/selenide-core-6.18.0.jar:/Users/randallbrukman/.m2/repository/org/opentest4j/opentest4j/1.3.0/opentest4j-1.3.0.jar:/Users/randallbrukman/.m2/repository/org/apache/httpcomponents/client5/httpclient5/5.2.1/httpclient5-5.2.1.jar:/Users/randallbrukman/.m2/repository/org/apache/httpcomponents/core5/httpcore5/5.2/httpcore5-5.2.jar:/Users/randallbrukman/.m2/repository/org/apache/httpcomponents/core5/httpcore5-h2/5.2/httpcore5-h2-5.2.jar:/Users/randallbrukman/.m2/repository/com/google/guava/guava/32.1.2-jre/guava-32.1.2-jre.jar:/Users/randallbrukman/.m2/repository/com/google/guava/failureaccess/1.0.1/failureaccess-1.0.1.jar:/Users/randallbrukman/.m2/repository/com/google/guava/listenablefuture/9999.0-empty-to-avoid-conflict-with-guava/listenablefuture-9999.0-empty-to-avoid-conflict-with-guava.jar:/Users/randallbrukman/.m2/repository/com/google/code/findbugs/jsr305/3.0.2/jsr305-3.0.2.jar:/Users/randallbrukman/.m2/repository/org/checkerframework/checker-qual/3.33.0/checker-qual-3.33.0.jar:/Users/randallbrukman/.m2/repository/com/google/errorprone/error_prone_annotations/2.18.0/error_prone_annotations-2.18.0.jar:/Users/randallbrukman/.m2/repository/com/google/j2objc/j2objc-annotations/2.8/j2objc-annotations-2.8.jar:/Users/randallbrukman/.m2/repository/org/apache/commons/commons-lang3/3.13.0/commons-lang3-3.13.0.jar:/Users/randallbrukman/.m2/repository/commons-io/commons-io/2.13.0/commons-io-2.13.0.jar:/Users/randallbrukman/.m2/repository/org/projectlombok/lombok/1.18.28/lombok-1.18.28.jar:/Users/randallbrukman/.m2/repository/org/apache/logging/log4j/log4j-core/2.20.0/log4j-core-2.20.0.jar:/Users/randallbrukman/.m2/repository/org/apache/logging/log4j/log4j-api/2.20.0/log4j-api-2.20.0.jar:/Users/randallbrukman/.m2/repository/org/apache/logging/log4j/log4j-slf4j-impl/2.20.0/log4j-slf4j-impl-2.20.0.jar:/Users/randallbrukman/.m2/repository/io/qameta/allure/allure-testng/2.25.0/allure-testng-2.25.0.jar:/Users/randallbrukman/.m2/repository/io/qameta/allure/allure-java-commons/2.25.0/allure-java-commons-2.25.0.jar:/Users/randallbrukman/.m2/repository/io/qameta/allure/allure-model/2.25.0/allure-model-2.25.0.jar:/Users/randallbrukman/.m2/repository/io/qameta/allure/allure-test-filter/2.25.0/allure-test-filter-2.25.0.jar:/Users/randallbrukman/.m2/repository/io/qameta/allure/allure-selenide/2.25.0/allure-selenide-2.25.0.jar:"/>
    <property name="java.vm.vendor" value="Homebrew"/>
    <property name="sun.arch.data.model" value="64"/>
    <property name="java.vendor.url" value="https://github.com/Homebrew/homebrew-core/issues"/>
    <property name="user.timezone" value="Africa/Johannesburg"/>
    <property name="os.name" value="Mac OS X"/>
    <property name="java.vm.specification.version" value="20"/>
    <property name="sun.java.launcher" value="SUN_STANDARD"/>
    <property name="user.country" value="ZA"/>
    <property name="sun.boot.library.path" value="/usr/local/Cellar/openjdk/20.0.1/libexec/openjdk.jdk/Contents/Home/lib"/>
    <property name="sun.java.command" value="/Users/randallbrukman/Desktop/DemoProject/target/surefire/surefirebooter-20231212023828577_3.jar /Users/randallbrukman/Desktop/DemoProject/target/surefire 2023-12-12T02-38-28_372-jvmRun1 surefire-20231212023828577_1tmp surefire_0-20231212023828577_2tmp"/>
    <property name="http.nonProxyHosts" value="local|*.local|169.254/16|*.169.254/16"/>
    <property name="jdk.debug" value="release"/>
    <property name="surefire.test.class.path" value="/Users/randallbrukman/Desktop/DemoProject/target/test-classes:/Users/randallbrukman/Desktop/DemoProject/target/classes:/Users/randallbrukman/.m2/repository/org/testng/testng/7.8.0/testng-7.8.0.jar:/Users/randallbrukman/.m2/repository/org/slf4j/slf4j-api/1.7.36/slf4j-api-1.7.36.jar:/Users/randallbrukman/.m2/repository/com/beust/jcommander/1.82/jcommander-1.82.jar:/Users/randallbrukman/.m2/repository/org/webjars/jquery/3.6.1/jquery-3.6.1.jar:/Users/randallbrukman/.m2/repository/com/codeborne/selenide/6.18.0/selenide-6.18.0.jar:/Users/randallbrukman/.m2/repository/org/seleniumhq/selenium/selenium-java/4.12.1/selenium-java-4.12.1.jar:/Users/randallbrukman/.m2/repository/org/seleniumhq/selenium/selenium-api/4.12.1/selenium-api-4.12.1.jar:/Users/randallbrukman/.m2/repository/org/seleniumhq/selenium/selenium-chrome-driver/4.12.1/selenium-chrome-driver-4.12.1.jar:/Users/randallbrukman/.m2/repository/com/google/auto/service/auto-service-annotations/1.1.1/auto-service-annotations-1.1.1.jar:/Users/randallbrukman/.m2/repository/org/seleniumhq/selenium/selenium-chromium-driver/4.12.1/selenium-chromium-driver-4.12.1.jar:/Users/randallbrukman/.m2/repository/org/seleniumhq/selenium/selenium-json/4.12.1/selenium-json-4.12.1.jar:/Users/randallbrukman/.m2/repository/org/seleniumhq/selenium/selenium-manager/4.12.1/selenium-manager-4.12.1.jar:/Users/randallbrukman/.m2/repository/org/seleniumhq/selenium/selenium-devtools-v114/4.12.1/selenium-devtools-v114-4.12.1.jar:/Users/randallbrukman/.m2/repository/org/seleniumhq/selenium/selenium-devtools-v115/4.12.1/selenium-devtools-v115-4.12.1.jar:/Users/randallbrukman/.m2/repository/org/seleniumhq/selenium/selenium-devtools-v116/4.12.1/selenium-devtools-v116-4.12.1.jar:/Users/randallbrukman/.m2/repository/org/seleniumhq/selenium/selenium-devtools-v85/4.12.1/selenium-devtools-v85-4.12.1.jar:/Users/randallbrukman/.m2/repository/org/seleniumhq/selenium/selenium-edge-driver/4.12.1/selenium-edge-driver-4.12.1.jar:/Users/randallbrukman/.m2/repository/org/seleniumhq/selenium/selenium-firefox-driver/4.12.1/selenium-firefox-driver-4.12.1.jar:/Users/randallbrukman/.m2/repository/org/seleniumhq/selenium/selenium-http/4.12.1/selenium-http-4.12.1.jar:/Users/randallbrukman/.m2/repository/dev/failsafe/failsafe/3.3.2/failsafe-3.3.2.jar:/Users/randallbrukman/.m2/repository/org/seleniumhq/selenium/selenium-ie-driver/4.12.1/selenium-ie-driver-4.12.1.jar:/Users/randallbrukman/.m2/repository/org/seleniumhq/selenium/selenium-remote-driver/4.12.1/selenium-remote-driver-4.12.1.jar:/Users/randallbrukman/.m2/repository/io/netty/netty-buffer/4.1.96.Final/netty-buffer-4.1.96.Final.jar:/Users/randallbrukman/.m2/repository/io/netty/netty-codec-http/4.1.96.Final/netty-codec-http-4.1.96.Final.jar:/Users/randallbrukman/.m2/repository/io/netty/netty-codec/4.1.96.Final/netty-codec-4.1.96.Final.jar:/Users/randallbrukman/.m2/repository/io/netty/netty-handler/4.1.96.Final/netty-handler-4.1.96.Final.jar:/Users/randallbrukman/.m2/repository/io/netty/netty-common/4.1.96.Final/netty-common-4.1.96.Final.jar:/Users/randallbrukman/.m2/repository/io/netty/netty-transport-classes-epoll/4.1.96.Final/netty-transport-classes-epoll-4.1.96.Final.jar:/Users/randallbrukman/.m2/repository/io/netty/netty-transport-classes-kqueue/4.1.96.Final/netty-transport-classes-kqueue-4.1.96.Final.jar:/Users/randallbrukman/.m2/repository/io/netty/netty-transport-native-epoll/4.1.96.Final/netty-transport-native-epoll-4.1.96.Final.jar:/Users/randallbrukman/.m2/repository/io/netty/netty-transport-native-kqueue/4.1.96.Final/netty-transport-native-kqueue-4.1.96.Final.jar:/Users/randallbrukman/.m2/repository/io/netty/netty-transport-native-unix-common/4.1.96.Final/netty-transport-native-unix-common-4.1.96.Final.jar:/Users/randallbrukman/.m2/repository/io/netty/netty-transport/4.1.96.Final/netty-transport-4.1.96.Final.jar:/Users/randallbrukman/.m2/repository/io/netty/netty-resolver/4.1.96.Final/netty-resolver-4.1.96.Final.jar:/Users/randallbrukman/.m2/repository/io/opentelemetry/opentelemetry-api/1.28.0/opentelemetry-api-1.28.0.jar:/Users/randallbrukman/.m2/repository/io/opentelemetry/opentelemetry-context/1.28.0/opentelemetry-context-1.28.0.jar:/Users/randallbrukman/.m2/repository/io/opentelemetry/opentelemetry-exporter-logging/1.28.0/opentelemetry-exporter-logging-1.28.0.jar:/Users/randallbrukman/.m2/repository/io/opentelemetry/opentelemetry-sdk-metrics/1.28.0/opentelemetry-sdk-metrics-1.28.0.jar:/Users/randallbrukman/.m2/repository/io/opentelemetry/opentelemetry-extension-incubator/1.28.0-alpha/opentelemetry-extension-incubator-1.28.0-alpha.jar:/Users/randallbrukman/.m2/repository/io/opentelemetry/opentelemetry-sdk-logs/1.28.0/opentelemetry-sdk-logs-1.28.0.jar:/Users/randallbrukman/.m2/repository/io/opentelemetry/opentelemetry-sdk-common/1.28.0/opentelemetry-sdk-common-1.28.0.jar:/Users/randallbrukman/.m2/repository/io/opentelemetry/opentelemetry-sdk-extension-autoconfigure-spi/1.28.0/opentelemetry-sdk-extension-autoconfigure-spi-1.28.0.jar:/Users/randallbrukman/.m2/repository/io/opentelemetry/opentelemetry-sdk-extension-autoconfigure/1.28.0/opentelemetry-sdk-extension-autoconfigure-1.28.0.jar:/Users/randallbrukman/.m2/repository/io/opentelemetry/opentelemetry-api-events/1.28.0-alpha/opentelemetry-api-events-1.28.0-alpha.jar:/Users/randallbrukman/.m2/repository/io/opentelemetry/opentelemetry-sdk-trace/1.28.0/opentelemetry-sdk-trace-1.28.0.jar:/Users/randallbrukman/.m2/repository/io/opentelemetry/opentelemetry-sdk/1.28.0/opentelemetry-sdk-1.28.0.jar:/Users/randallbrukman/.m2/repository/io/opentelemetry/opentelemetry-semconv/1.28.0-alpha/opentelemetry-semconv-1.28.0-alpha.jar:/Users/randallbrukman/.m2/repository/net/bytebuddy/byte-buddy/1.14.5/byte-buddy-1.14.5.jar:/Users/randallbrukman/.m2/repository/org/asynchttpclient/async-http-client/2.12.3/async-http-client-2.12.3.jar:/Users/randallbrukman/.m2/repository/org/asynchttpclient/async-http-client-netty-utils/2.12.3/async-http-client-netty-utils-2.12.3.jar:/Users/randallbrukman/.m2/repository/io/netty/netty-codec-socks/4.1.60.Final/netty-codec-socks-4.1.60.Final.jar:/Users/randallbrukman/.m2/repository/io/netty/netty-handler-proxy/4.1.60.Final/netty-handler-proxy-4.1.60.Final.jar:/Users/randallbrukman/.m2/repository/io/netty/netty-transport-native-epoll/4.1.60.Final/netty-transport-native-epoll-4.1.60.Final-linux-x86_64.jar:/Users/randallbrukman/.m2/repository/io/netty/netty-transport-native-kqueue/4.1.60.Final/netty-transport-native-kqueue-4.1.60.Final-osx-x86_64.jar:/Users/randallbrukman/.m2/repository/org/reactivestreams/reactive-streams/1.0.3/reactive-streams-1.0.3.jar:/Users/randallbrukman/.m2/repository/com/typesafe/netty/netty-reactive-streams/2.0.4/netty-reactive-streams-2.0.4.jar:/Users/randallbrukman/.m2/repository/com/sun/activation/jakarta.activation/1.2.2/jakarta.activation-1.2.2.jar:/Users/randallbrukman/.m2/repository/org/seleniumhq/selenium/selenium-os/4.12.1/selenium-os-4.12.1.jar:/Users/randallbrukman/.m2/repository/org/apache/commons/commons-exec/1.3/commons-exec-1.3.jar:/Users/randallbrukman/.m2/repository/org/seleniumhq/selenium/selenium-safari-driver/4.12.1/selenium-safari-driver-4.12.1.jar:/Users/randallbrukman/.m2/repository/org/seleniumhq/selenium/selenium-support/4.12.1/selenium-support-4.12.1.jar:/Users/randallbrukman/.m2/repository/com/codeborne/selenide-core/6.18.0/selenide-core-6.18.0.jar:/Users/randallbrukman/.m2/repository/org/opentest4j/opentest4j/1.3.0/opentest4j-1.3.0.jar:/Users/randallbrukman/.m2/repository/org/apache/httpcomponents/client5/httpclient5/5.2.1/httpclient5-5.2.1.jar:/Users/randallbrukman/.m2/repository/org/apache/httpcomponents/core5/httpcore5/5.2/httpcore5-5.2.jar:/Users/randallbrukman/.m2/repository/org/apache/httpcomponents/core5/httpcore5-h2/5.2/httpcore5-h2-5.2.jar:/Users/randallbrukman/.m2/repository/com/google/guava/guava/32.1.2-jre/guava-32.1.2-jre.jar:/Users/randallbrukman/.m2/repository/com/google/guava/failureaccess/1.0.1/failureaccess-1.0.1.jar:/Users/randallbrukman/.m2/repository/com/google/guava/listenablefuture/9999.0-empty-to-avoid-conflict-with-guava/listenablefuture-9999.0-empty-to-avoid-conflict-with-guava.jar:/Users/randallbrukman/.m2/repository/com/google/code/findbugs/jsr305/3.0.2/jsr305-3.0.2.jar:/Users/randallbrukman/.m2/repository/org/checkerframework/checker-qual/3.33.0/checker-qual-3.33.0.jar:/Users/randallbrukman/.m2/repository/com/google/errorprone/error_prone_annotations/2.18.0/error_prone_annotations-2.18.0.jar:/Users/randallbrukman/.m2/repository/com/google/j2objc/j2objc-annotations/2.8/j2objc-annotations-2.8.jar:/Users/randallbrukman/.m2/repository/org/apache/commons/commons-lang3/3.13.0/commons-lang3-3.13.0.jar:/Users/randallbrukman/.m2/repository/commons-io/commons-io/2.13.0/commons-io-2.13.0.jar:/Users/randallbrukman/.m2/repository/org/projectlombok/lombok/1.18.28/lombok-1.18.28.jar:/Users/randallbrukman/.m2/repository/org/apache/logging/log4j/log4j-core/2.20.0/log4j-core-2.20.0.jar:/Users/randallbrukman/.m2/repository/org/apache/logging/log4j/log4j-api/2.20.0/log4j-api-2.20.0.jar:/Users/randallbrukman/.m2/repository/org/apache/logging/log4j/log4j-slf4j-impl/2.20.0/log4j-slf4j-impl-2.20.0.jar:/Users/randallbrukman/.m2/repository/io/qameta/allure/allure-testng/2.25.0/allure-testng-2.25.0.jar:/Users/randallbrukman/.m2/repository/io/qameta/allure/allure-java-commons/2.25.0/allure-java-commons-2.25.0.jar:/Users/randallbrukman/.m2/repository/io/qameta/allure/allure-model/2.25.0/allure-model-2.25.0.jar:/Users/randallbrukman/.m2/repository/io/qameta/allure/allure-test-filter/2.25.0/allure-test-filter-2.25.0.jar:/Users/randallbrukman/.m2/repository/io/qameta/allure/allure-selenide/2.25.0/allure-selenide-2.25.0.jar:"/>
    <property name="sun.cpu.endian" value="little"/>
    <property name="user.home" value="/Users/randallbrukman"/>
    <property name="user.language" value="en"/>
    <property name="java.specification.vendor" value="Oracle Corporation"/>
    <property name="java.version.date" value="2023-04-18"/>
    <property name="java.home" value="/usr/local/Cellar/openjdk/20.0.1/libexec/openjdk.jdk/Contents/Home"/>
    <property name="file.separator" value="/"/>
    <property name="basedir" value="/Users/randallbrukman/Desktop/DemoProject"/>
    <property name="java.vm.compressedOopsMode" value="Zero based"/>
    <property name="line.separator" value="&#10;"/>
    <property name="java.vm.specification.vendor" value="Oracle Corporation"/>
    <property name="java.specification.name" value="Java Platform API Specification"/>
    <property name="apple.awt.application.name" value="ForkedBooter"/>
    <property name="surefire.real.class.path" value="/Users/randallbrukman/Desktop/DemoProject/target/surefire/surefirebooter-20231212023828577_3.jar"/>
    <property name="sun.management.compiler" value="HotSpot 64-Bit Tiered Compilers"/>
    <property name="ftp.nonProxyHosts" value="local|*.local|169.254/16|*.169.254/16"/>
    <property name="java.runtime.version" value="20.0.1"/>
    <property name="user.name" value="randallbrukman"/>
    <property name="stdout.encoding" value="UTF-8"/>
    <property name="path.separator" value=":"/>
    <property name="os.version" value="11.7.9"/>
    <property name="java.runtime.name" value="OpenJDK Runtime Environment"/>
    <property name="file.encoding" value="UTF-8"/>
    <property name="java.vm.name" value="OpenJDK 64-Bit Server VM"/>
    <property name="java.vendor.version" value="Homebrew"/>
    <property name="localRepository" value="/Users/randallbrukman/.m2/repository"/>
    <property name="java.vendor.url.bug" value="https://github.com/Homebrew/homebrew-core/issues"/>
    <property name="java.io.tmpdir" value="/var/folders/wn/xtdc1grx5hv5ffvzdv7rh91h0000gp/T/"/>
    <property name="java.version" value="20.0.1"/>
    <property name="user.dir" value="/Users/randallbrukman/Desktop/DemoProject"/>
    <property name="os.arch" value="x86_64"/>
    <property name="java.vm.specification.name" value="Java Virtual Machine Specification"/>
    <property name="native.encoding" value="UTF-8"/>
    <property name="java.library.path" value="/Users/randallbrukman/Library/Java/Extensions:/Library/Java/Extensions:/Network/Library/Java/Extensions:/System/Library/Java/Extensions:/usr/lib/java:."/>
    <property name="java.vm.info" value="mixed mode, sharing"/>
    <property name="stderr.encoding" value="UTF-8"/>
    <property name="java.vendor" value="Homebrew"/>
    <property name="java.vm.version" value="20.0.1"/>
    <property name="sun.io.unicode.encoding" value="UnicodeBig"/>
    <property name="socksNonProxyHosts" value="local|*.local|169.254/16|*.169.254/16"/>
    <property name="java.class.version" value="64.0"/>
    <property name="webdriver.http.factory" value="selenide-netty-client-factory"/>
  </properties>
  <testcase name="testAddButtonAfterAddingMaxSelection" classname="ui.tests.FiltersTest" time="17.636"/>
  <testcase name="testAddButtonAfterRemovingSelection" classname="ui.tests.FiltersTest" time="5.737"/>
  <testcase name="testAmenitiesCheckboxes" classname="ui.tests.FiltersTest" time="4.751"/>
  <testcase name="testBathroomsSelection" classname="ui.tests.FiltersTest" time="3.548"/>
  <testcase name="testBedroomsSelection" classname="ui.tests.FiltersTest" time="3.259"/>
  <testcase name="testBedsSelection" classname="ui.tests.FiltersTest" time="3.303"/>
  <testcase name="testClearAllFilters" classname="ui.tests.FiltersTest" time="5.791"/>
  <testcase name="testInitialButtonState" classname="ui.tests.FiltersTest" time="3.044"/>
  <testcase name="testInitialCheckboxState" classname="ui.tests.FiltersTest" time="3.535"/>
  <testcase name="testInitialInputBoxState" classname="ui.tests.FiltersTest" time="2.791"/>
  <testcase name="testPriceInputDisabled" classname="ui.tests.FiltersTest" time="2.507"/>
  <testcase name="testPriceInputEnabled" classname="ui.tests.FiltersTest" time="2.845"/>
  <testcase name="testCountAllListings" classname="ui.tests.ListingsTest" time="26.341">
    <system-err><![CDATA[Dec 12, 2023 2:39:33 AM org.openqa.selenium.remote.http.WebSocket$Listener onError
WARNING: Connection reset
java.net.SocketException: Connection reset
	at java.base/sun.nio.ch.SocketChannelImpl.throwConnectionReset(SocketChannelImpl.java:401)
	at java.base/sun.nio.ch.SocketChannelImpl.read(SocketChannelImpl.java:434)
	at io.netty.buffer.PooledByteBuf.setBytes(PooledByteBuf.java:254)
	at io.netty.buffer.AbstractByteBuf.writeBytes(AbstractByteBuf.java:1132)
	at io.netty.channel.socket.nio.NioSocketChannel.doReadBytes(NioSocketChannel.java:357)
	at io.netty.channel.nio.AbstractNioByteChannel$NioByteUnsafe.read(AbstractNioByteChannel.java:151)
	at io.netty.channel.nio.NioEventLoop.processSelectedKey(NioEventLoop.java:788)
	at io.netty.channel.nio.NioEventLoop.processSelectedKeysOptimized(NioEventLoop.java:724)
	at io.netty.channel.nio.NioEventLoop.processSelectedKeys(NioEventLoop.java:650)
	at io.netty.channel.nio.NioEventLoop.run(NioEventLoop.java:562)
	at io.netty.util.concurrent.SingleThreadEventExecutor$4.run(SingleThreadEventExecutor.java:997)
	at io.netty.util.internal.ThreadExecutorMap$2.run(ThreadExecutorMap.java:74)
	at io.netty.util.concurrent.FastThreadLocalRunnable.run(FastThreadLocalRunnable.java:30)
	at java.base/java.lang.Thread.run(Thread.java:1623)

]]></system-err>
  </testcase>
</testsuite>