<?xml version="1.0" encoding="UTF-8"?>
<!-- Generated by org.testng.reporters.JUnitReportReporter -->
<testsuite hostname="Randalls-MacBook-Pro.local" failures="0" tests="12" name="ui.tests.FiltersTest" time="58.568" errors="0" timestamp="2023-12-12T02:40:00 SAST" skipped="0">
  <testcase classname="ui.tests.FiltersTest" name="testClearAllFilters" time="5.784"/>
  <testcase classname="ui.tests.FiltersTest" name="testAmenitiesCheckboxes" time="4.745"/>
  <testcase classname="ui.tests.FiltersTest" name="testAddButtonAfterAddingMaxSelection" time="17.502"/>
  <testcase classname="ui.tests.FiltersTest" name="testBedroomsSelection" time="3.258"/>
  <testcase classname="ui.tests.FiltersTest" name="testAddButtonAfterRemovingSelection" time="5.734"/>
  <testcase classname="ui.tests.FiltersTest" name="testInitialCheckboxState" time="3.533"/>
  <testcase classname="ui.tests.FiltersTest" name="testBedsSelection" time="3.301"/>
  <testcase classname="ui.tests.FiltersTest" name="testInitialInputBoxState" time="2.786"/>
  <testcase classname="ui.tests.FiltersTest" name="testPriceInputEnabled" time="2.835"/>
  <testcase classname="ui.tests.FiltersTest" name="testBathroomsSelection" time="3.540"/>
  <testcase classname="ui.tests.FiltersTest" name="testPriceInputDisabled" time="2.507"/>
  <testcase classname="ui.tests.FiltersTest" name="testInitialButtonState" time="3.043"/>
</testsuite> <!-- ui.tests.FiltersTest -->
