<?xml version="1.0" encoding="UTF-8"?>
<!-- Generated by org.testng.reporters.JUnitReportReporter -->
<testsuite hostname="Randalls-MacBook-Pro.local" failures="0" tests="1" name="ui.tests.ListingsTest" time="26.339" errors="0" timestamp="2023-12-12T02:40:00 SAST" skipped="0">
  <testcase classname="ui.tests.ListingsTest" name="testCountAllListings" time="26.339"/>
</testsuite> <!-- ui.tests.ListingsTest -->
